<?xml version="1.0" encoding="UTF-8"?>
<TestRun id="10a37ca0-a973-45eb-9dd2-5d03caf622d2" name="Tony@TONY-XPS 2011-03-20 17:25:50" runUser="TONY-XPS\Tony" xmlns="http://microsoft.com/schemas/VisualStudio/TeamTest/2010">
  <TestSettings name="Local" id="e129f8f6-f1d7-4c1a-a38e-6e2e988977cb">
    <Description>These are default test settings for a local test run.</Description>
    <Deployment enabled="false" runDeploymentRoot="Tony_TONY-XPS 2011-03-20 17_25_50">
      <DeploymentItem filename="C:\Projects\SimpleMvvmToolkit\Download\SimpleMvvmToolkit\Toolkit\Helpers\Project\WPF\SimpleMvvmToolkit-WPF\bin\Release\SimpleMvvmToolkit-WPF.dll" />
    </Deployment>
    <Execution>
      <TestTypeSpecific />
      <AgentRule name="Execution Agents">
      </AgentRule>
    </Execution>
  </TestSettings>
  <Times creation="2011-03-20T17:25:50.0299272-05:00" queuing="2011-03-20T17:25:53.0090976-05:00" start="2011-03-20T17:25:53.1791073-05:00" finish="2011-03-20T17:25:53.6191325-05:00" />
  <ResultSummary outcome="Completed">
    <Counters total="1" executed="1" passed="1" error="0" failed="0" timeout="0" aborted="0" inconclusive="0" passedButRunAborted="0" notRunnable="0" notExecuted="0" disconnected="0" warning="0" completed="0" inProgress="0" pending="0" />
  </ResultSummary>
  <TestDefinitions>
    <UnitTest name="TestSimpleMessage" storage="c:\projects\simplemvvmtoolkit\download\simplemvvmtoolkit\toolkit\helpers\project\wpf\simplemvvmtoolkittest-wpf\bin\release\simplemvvmtoolkittest.dll" id="1c488b03-c9f6-ea7b-5177-3462cab4f7dc">
      <Execution id="1fba0567-83e8-49cb-babb-f3192df13530" />
      <TestMethod codeBase="C:/Projects/SimpleMvvmToolkit/Download/SimpleMvvmToolkit/Toolkit/Helpers/Project/WPF/SimpleMvvmToolkitTest-WPF/bin/Release/SimpleMvvmToolkitTest.DLL" adapterTypeName="Microsoft.VisualStudio.TestTools.TestTypes.Unit.UnitTestAdapter, Microsoft.VisualStudio.QualityTools.Tips.UnitTest.Adapter, Version=10.0.0.0, Culture=neutral, PublicKeyToken=b03f5f7f11d50a3a" className="SimpleMvvmToolkitTest.MessagingTests, SimpleMvvmToolkitTest, Version=1.0.0.0, Culture=neutral, PublicKeyToken=null" name="TestSimpleMessage" />
    </UnitTest>
  </TestDefinitions>
  <TestLists>
    <TestList name="Results Not in a List" id="8c84fa94-04c1-424b-9868-57a2d4851a1d" />
    <TestList name="All Loaded Results" id="19431567-8539-422a-85d7-44ee4e166bda" />
  </TestLists>
  <TestEntries>
    <TestEntry testId="1c488b03-c9f6-ea7b-5177-3462cab4f7dc" executionId="1fba0567-83e8-49cb-babb-f3192df13530" testListId="8c84fa94-04c1-424b-9868-57a2d4851a1d" />
  </TestEntries>
  <Results>
    <UnitTestResult executionId="1fba0567-83e8-49cb-babb-f3192df13530" testId="1c488b03-c9f6-ea7b-5177-3462cab4f7dc" testName="TestSimpleMessage" computerName="TONY-XPS" duration="00:00:00.0337459" startTime="2011-03-20T17:25:53.2111092-05:00" endTime="2011-03-20T17:25:53.5391279-05:00" testType="13cdc9d9-ddb5-4fa4-a97d-d965ccfc6d4b" outcome="Passed" testListId="8c84fa94-04c1-424b-9868-57a2d4851a1d" relativeResultsDirectory="1fba0567-83e8-49cb-babb-f3192df13530">
    </UnitTestResult>
  </Results>
</TestRun>